<?xml version="1.0" encoding="UTF-8"?>
<!-- Generated by org.testng.reporters.JUnitReportReporter -->
<testsuite hostname="DESKTOP-MVAG0EU" failures="0" tests="3" name="annotations.ParamWithArray" time="0.001" errors="0" timestamp="2023-12-01T10:31:12 IST" skipped="0">
  <testcase classname="annotations.ParamWithArray" name="testCase1" time="0.000"/>
  <testcase classname="annotations.ParamWithArray" name="testCase1" time="0.000"/>
  <testcase classname="annotations.ParamWithArray" name="testCase1" time="0.001"/>
</testsuite> <!-- annotations.ParamWithArray -->
