<?xml version="1.0" encoding="UTF-8"?>
<!-- Generated by org.testng.reporters.JUnitReportReporter -->
<testsuite hostname="DESKTOP-MVAG0EU" failures="0" tests="3" name="annotations.Order" time="0.002" errors="0" timestamp="2023-12-01T10:31:12 IST" skipped="0">
  <testcase classname="annotations.Order" name="login" time="0.000"/>
  <testcase classname="annotations.Order" name="composemail" time="0.001"/>
  <testcase classname="annotations.Order" name="Deletemail" time="0.001"/>
</testsuite> <!-- annotations.Order -->
